<?xml version="1.0" encoding="UTF-8"?><testsuites failures="11" name="dependency-check" tests="27"><testsuite failures="0" errors="0" time="0" id="0" name="/home/runner/.m2/repository/args4j/args4j/2.0.26/args4j-2.0.26.jar" package="args4j-2.0.26.jar" skipped="0" tests="1" timestamp="2025-07-22T03:44:21.592184048"><testcase classname="dependency-check" name="args4j-2.0.26.jar"/></testsuite><testsuite failures="0" errors="0" time="0" id="1" name="/home/runner/.m2/repository/clj-http/clj-http/3.13.0/clj-http-3.13.0.jar" package="clj-http-3.13.0.jar" skipped="0" tests="1" timestamp="2025-07-22T03:44:21.592184048"><testcase classname="dependency-check" name="clj-http-3.13.0.jar"/></testsuite><testsuite failures="0" errors="0" time="0" id="2" name="/home/runner/.m2/repository/org/clojure/clojure/1.12.1/clojure-1.12.1.jar" package="clojure-1.12.1.jar" skipped="0" tests="1" timestamp="2025-07-22T03:44:21.592184048"><testcase classname="dependency-check" name="clojure-1.12.1.jar"/></testsuite><testsuite failures="1" errors="0" time="0" id="3" name="/home/runner/.m2/repository/org/clojure/clojurescript/1.9.293/clojurescript-1.9.293.jar" package="clojurescript-1.9.293.jar" skipped="0" tests="1" timestamp="2025-07-22T03:44:21.592184048"><testcase classname="CVE-2023-0247" name="pkg:maven/org.clojure/clojurescript@1.9.293"><failure message="cvssV3: HIGH, score: 7.8 (CVSS:3.1/AV:L/AC:L/PR:N/UI:R/S:U/C:H/I:H/A:H/E:1.8/RC:R/MAV:A)"/><system-out>Uncontrolled Search Path Element in GitHub repository bits-and-blooms/bloom prior to 3.3.1.</system-out><system-err>location: /home/runner/.m2/repository/org/clojure/clojurescript/1.9.293/clojurescript-1.9.293.jar, project-references: [  ]</system-err></testcase></testsuite><testsuite failures="0" errors="0" time="0" id="4" name="/home/runner/.m2/repository/com/google/javascript/closure-compiler-externs/v20160911/closure-compiler-externs-v20160911.jar" package="closure-compiler-externs-v20160911.jar" skipped="0" tests="1" timestamp="2025-07-22T03:44:21.592184048"><testcase classname="dependency-check" name="closure-compiler-externs-v20160911.jar"/></testsuite><testsuite failures="0" errors="0" time="0" id="5" name="/home/runner/.m2/repository/com/google/javascript/closure-compiler-unshaded/v20160911/closure-compiler-unshaded-v20160911.jar" package="closure-compiler-unshaded-v20160911.jar" skipped="0" tests="1" timestamp="2025-07-22T03:44:21.592184048"><testcase classname="dependency-check" name="closure-compiler-unshaded-v20160911.jar"/></testsuite><testsuite failures="0" errors="0" time="0" id="6" name="/home/runner/.m2/repository/viebel/codox-klipse-theme/0.0.1/codox-klipse-theme-0.0.1.jar" package="codox-klipse-theme-0.0.1.jar" skipped="0" tests="1" timestamp="2025-07-22T03:44:21.592184048"><testcase classname="dependency-check" name="codox-klipse-theme-0.0.1.jar"/></testsuite><testsuite failures="0" errors="0" time="0" id="7" name="/home/runner/.m2/repository/commons-codec/commons-codec/1.16.1/commons-codec-1.16.1.jar" package="commons-codec-1.16.1.jar" skipped="0" tests="1" timestamp="2025-07-22T03:44:21.592184048"><testcase classname="dependency-check" name="commons-codec-1.16.1.jar"/></testsuite><testsuite failures="0" errors="0" time="0" id="8" name="/home/runner/.m2/repository/commons-io/commons-io/2.16.1/commons-io-2.16.1.jar" package="commons-io-2.16.1.jar" skipped="0" tests="1" timestamp="2025-07-22T03:44:21.592184048"><testcase classname="dependency-check" name="commons-io-2.16.1.jar"/></testsuite><testsuite failures="0" errors="0" time="0" id="9" name="/home/runner/.m2/repository/commons-logging/commons-logging/1.2/commons-logging-1.2.jar" package="commons-logging-1.2.jar" skipped="0" tests="1" timestamp="2025-07-22T03:44:21.592184048"><testcase classname="dependency-check" name="commons-logging-1.2.jar"/></testsuite><testsuite failures="0" errors="0" time="0" id="10" name="/home/runner/.m2/repository/org/clojure/core.specs.alpha/0.4.74/core.specs.alpha-0.4.74.jar" package="core.specs.alpha-0.4.74.jar" skipped="0" tests="1" timestamp="2025-07-22T03:44:21.592184048"><testcase classname="dependency-check" name="core.specs.alpha-0.4.74.jar"/></testsuite><testsuite failures="0" errors="0" time="0" id="11" name="/home/runner/.m2/repository/org/clojure/data.json/0.2.6/data.json-0.2.6.jar" package="data.json-0.2.6.jar" skipped="0" tests="1" timestamp="2025-07-22T03:44:21.592184048"><testcase classname="dependency-check" name="data.json-0.2.6.jar"/></testsuite><testsuite failures="1" errors="0" time="0" id="12" name="/home/runner/.m2/repository/org/clojure/google-closure-library/0.0-20160609-f42b4a24/google-closure-library-0.0-20160609-f42b4a24.jar" package="google-closure-library-0.0-20160609-f42b4a24.jar" skipped="0" tests="1" timestamp="2025-07-22T03:44:21.592184048"><testcase classname="CVE-2020-8910" name="pkg:maven/org.clojure/google-closure-library@0.0-20160609-f42b4a24"><failure message="cvssV3: MEDIUM, score: 6.5 (CVSS:3.1/AV:N/AC:L/PR:N/UI:R/S:U/C:H/I:N/A:N/E:2.8/RC:R/MAV:A)"/><system-out>A URL parsing issue in goog.uri of the Google Closure Library versions up to and including v20200224 allows an attacker to send malicious URLs to be parsed by the library and return the wrong authority. Mitigation: update your library to version v20200315.</system-out><system-err>location: /home/runner/.m2/repository/org/clojure/google-closure-library/0.0-20160609-f42b4a24/google-closure-library-0.0-20160609-f42b4a24.jar, project-references: [  ]</system-err></testcase></testsuite><testsuite failures="2" errors="0" time="0" id="13" name="/home/runner/.m2/repository/com/google/code/gson/gson/2.2.4/gson-2.2.4.jar" package="gson-2.2.4.jar" skipped="0" tests="2" timestamp="2025-07-22T03:44:21.592184048"><testcase classname="CVE-2022-25647" name="pkg:maven/com.google.code.gson/gson@2.2.4"><failure message="cvssV3: HIGH, score: 7.5 (CVSS:3.1/AV:N/AC:L/PR:N/UI:N/S:U/C:N/I:N/A:H/E:3.9/RC:R/MAV:A)"/><system-out>The package com.google.code.gson:gson before 2.8.9 are vulnerable to Deserialization of Untrusted Data via the writeReplace() method in internal classes, which may lead to DoS attacks.</system-out><system-err>location: /home/runner/.m2/repository/com/google/code/gson/gson/2.2.4/gson-2.2.4.jar, project-references: [  ]</system-err></testcase><testcase classname="CVE-2025-53864" name="pkg:maven/com.google.code.gson/gson@2.2.4"><failure message="cvssV2: MEDIUM, score: 6.900000095367432 (CVSS:4.0/AV:N/AC:L/AT:N/PR:N/UI:N/VC:N/VI:N/VA:L/SC:N/SI:N/SA:N)"/><system-out>github.com/sigstore/sigstore-java (gson) - Stack-based Buffer Overflow [CVE-2025-53864]

A stack-based buffer overflow condition is a condition where the buffer being overwritten is allocated on the stack (i.e., is a local variable or, rarely, a parameter to a function).</system-out><system-err>location: /home/runner/.m2/repository/com/google/code/gson/gson/2.2.4/gson-2.2.4.jar, project-references: [  ]</system-err></testcase></testsuite><testsuite failures="3" errors="0" time="0" id="14" name="/home/runner/.m2/repository/com/google/guava/guava/19.0/guava-19.0.jar" package="guava-19.0.jar" skipped="0" tests="3" timestamp="2025-07-22T03:44:21.592184048"><testcase classname="CVE-2023-2976" name="pkg:maven/com.google.guava/guava@19.0"><failure message="cvssV3: HIGH, score: 7.1 (CVSS:3.1/AV:L/AC:L/PR:L/UI:N/S:U/C:H/I:H/A:N/E:1.8/RC:R/MAV:A)"/><system-out>Use of Java&apos;s default temporary directory for file creation in `FileBackedOutputStream` in Google Guava versions 1.0 to 31.1 on Unix systems and Android Ice Cream Sandwich allows other users and apps on the machine with access to the default Java temporary directory to be able to access the files created by the class.

Even though the security vulnerability is fixed in version 32.0.0, we recommend using version 32.0.1 as version 32.0.0 breaks some functionality under Windows.</system-out><system-err>location: /home/runner/.m2/repository/com/google/guava/guava/19.0/guava-19.0.jar, project-references: [  ]</system-err></testcase><testcase classname="CVE-2018-10237" name="pkg:maven/com.google.guava/guava@19.0"><failure message="cvssV3: MEDIUM, score: 5.9 (CVSS:3.1/AV:N/AC:H/PR:N/UI:N/S:U/C:N/I:N/A:H/E:2.2/RC:R/MAV:A)"/><system-out>Unbounded memory allocation in Google Guava 11.0 through 24.x before 24.1.1 allows remote attackers to conduct denial of service attacks against servers that depend on this library and deserialize attacker-provided data, because the AtomicDoubleArray class (when serialized with Java serialization) and the CompoundOrdering class (when serialized with GWT serialization) perform eager allocation without appropriate checks on what a client has sent and whether the data size is reasonable.</system-out><system-err>location: /home/runner/.m2/repository/com/google/guava/guava/19.0/guava-19.0.jar, project-references: [  ]</system-err></testcase><testcase classname="CVE-2020-8908" name="pkg:maven/com.google.guava/guava@19.0"><failure message="cvssV3: LOW, score: 3.3 (CVSS:3.1/AV:L/AC:L/PR:L/UI:N/S:U/C:L/I:N/A:N/E:1.8/RC:R/MAV:A)"/><system-out>A temp directory creation vulnerability exists in all versions of Guava, allowing an attacker with access to the machine to potentially access data in a temporary directory created by the Guava API com.google.common.io.Files.createTempDir(). By default, on unix-like systems, the created directory is world-readable (readable by an attacker with access to the system). The method in question has been marked @Deprecated in versions 30.0 and later and should not be used. For Android developers, we recommend choosing a temporary directory API provided by Android, such as context.getCacheDir(). For other Java developers, we recommend migrating to the Java 7 API java.nio.file.Files.createTempDirectory() which explicitly configures permissions of 700, or configuring the Java runtime&apos;s java.io.tmpdir system property to point to a location whose permissions are appropriately configured.

</system-out><system-err>location: /home/runner/.m2/repository/com/google/guava/guava/19.0/guava-19.0.jar, project-references: [  ]</system-err></testcase></testsuite><testsuite failures="0" errors="0" time="0" id="15" name="/home/runner/.m2/repository/hickory/hickory/0.7.1/hickory-0.7.1.jar" package="hickory-0.7.1.jar" skipped="0" tests="1" timestamp="2025-07-22T03:44:21.592184048"><testcase classname="dependency-check" name="hickory-0.7.1.jar"/></testsuite><testsuite failures="0" errors="0" time="0" id="16" name="/home/runner/.m2/repository/org/apache/httpcomponents/httpasyncclient/4.1.5/httpasyncclient-4.1.5.jar" package="httpasyncclient-4.1.5.jar" skipped="0" tests="1" timestamp="2025-07-22T03:44:21.592184048"><testcase classname="dependency-check" name="httpasyncclient-4.1.5.jar"/></testsuite><testsuite failures="0" errors="0" time="0" id="17" name="/home/runner/.m2/repository/org/apache/httpcomponents/httpclient/4.5.14/httpclient-4.5.14.jar" package="httpclient-4.5.14.jar" skipped="0" tests="1" timestamp="2025-07-22T03:44:21.592184048"><testcase classname="dependency-check" name="httpclient-4.5.14.jar"/></testsuite><testsuite failures="0" errors="0" time="0" id="18" name="/home/runner/.m2/repository/org/apache/httpcomponents/httpcore/4.4.16/httpcore-4.4.16.jar" package="httpcore-4.4.16.jar" skipped="0" tests="1" timestamp="2025-07-22T03:44:21.592184048"><testcase classname="dependency-check" name="httpcore-4.4.16.jar"/></testsuite><testsuite failures="0" errors="0" time="0" id="19" name="/home/runner/.m2/repository/org/apache/httpcomponents/httpcore-nio/4.4.15/httpcore-nio-4.4.15.jar" package="httpcore-nio-4.4.15.jar" skipped="0" tests="1" timestamp="2025-07-22T03:44:21.592184048"><testcase classname="dependency-check" name="httpcore-nio-4.4.15.jar"/></testsuite><testsuite failures="0" errors="0" time="0" id="20" name="/home/runner/.m2/repository/org/apache/httpcomponents/httpmime/4.5.14/httpmime-4.5.14.jar" package="httpmime-4.5.14.jar" skipped="0" tests="1" timestamp="2025-07-22T03:44:21.592184048"><testcase classname="dependency-check" name="httpmime-4.5.14.jar"/></testsuite><testsuite failures="0" errors="0" time="0" id="21" name="/home/runner/.m2/repository/com/google/jsinterop/jsinterop-annotations/1.0.0/jsinterop-annotations-1.0.0.jar" package="jsinterop-annotations-1.0.0.jar" skipped="0" tests="1" timestamp="2025-07-22T03:44:21.592184048"><testcase classname="dependency-check" name="jsinterop-annotations-1.0.0.jar"/></testsuite><testsuite failures="0" errors="0" time="0" id="22" name="/home/runner/.m2/repository/org/jsoup/jsoup/1.18.1/jsoup-1.18.1.jar" package="jsoup-1.18.1.jar" skipped="0" tests="1" timestamp="2025-07-22T03:44:21.592184048"><testcase classname="dependency-check" name="jsoup-1.18.1.jar"/></testsuite><testsuite failures="0" errors="0" time="0" id="23" name="/home/runner/.m2/repository/com/google/code/findbugs/jsr305/1.3.9/jsr305-1.3.9.jar" package="jsr305-1.3.9.jar" skipped="0" tests="1" timestamp="2025-07-22T03:44:21.592184048"><testcase classname="dependency-check" name="jsr305-1.3.9.jar"/></testsuite><testsuite failures="0" errors="0" time="0" id="24" name="/home/runner/.m2/repository/potemkin/potemkin/0.4.7/potemkin-0.4.7.jar" package="potemkin-0.4.7.jar" skipped="0" tests="1" timestamp="2025-07-22T03:44:21.592184048"><testcase classname="dependency-check" name="potemkin-0.4.7.jar"/></testsuite><testsuite failures="4" errors="0" time="0" id="25" name="/home/runner/.m2/repository/com/google/protobuf/protobuf-java/2.5.0/protobuf-java-2.5.0.jar" package="protobuf-java-2.5.0.jar" skipped="0" tests="4" timestamp="2025-07-22T03:44:21.592184048"><testcase classname="CVE-2024-7254" name="pkg:maven/com.google.protobuf/protobuf-java@2.5.0"><failure message="cvssV2: HIGH, score: 8.699999809265137 (CVSS:4.0/AV:N/AC:L/AT:N/PR:N/UI:N/VC:N/VI:N/VA:H/SC:N/SI:N/SA:N)"/><system-out>Any project that parses untrusted Protocol Buffers data containing an arbitrary number of nested groups / series of SGROUP tags can corrupted by exceeding the stack limit i.e. StackOverflow. Parsing nested groups as unknown fields with DiscardUnknownFieldsParser or Java Protobuf Lite parser, or against Protobuf map fields, creates unbounded recursions that can be abused by an attacker.

Sonatype&apos;s research suggests that this CVE&apos;s details differ from those defined at NVD. See https://ossindex.sonatype.org/vulnerability/CVE-2024-7254 for details</system-out><system-err>location: /home/runner/.m2/repository/com/google/protobuf/protobuf-java/2.5.0/protobuf-java-2.5.0.jar, project-references: [  ]</system-err></testcase><testcase classname="CVE-2022-3171" name="pkg:maven/com.google.protobuf/protobuf-java@2.5.0"><failure message="cvssV3: HIGH, score: 7.5 (CVSS:3.1/AV:N/AC:L/PR:N/UI:N/S:U/C:N/I:N/A:H/E:3.9/RC:R/MAV:A)"/><system-out>A parsing issue with binary data in protobuf-java core and lite versions prior to 3.21.7, 3.20.3, 3.19.6 and 3.16.3 can lead to a denial of service attack. Inputs containing multiple instances of non-repeated embedded messages with repeated or unknown fields causes objects to be converted back-n-forth between mutable and immutable forms, resulting in potentially long garbage collection pauses. We recommend updating to the versions mentioned above.</system-out><system-err>location: /home/runner/.m2/repository/com/google/protobuf/protobuf-java/2.5.0/protobuf-java-2.5.0.jar, project-references: [  ]</system-err></testcase><testcase classname="CVE-2022-3509" name="pkg:maven/com.google.protobuf/protobuf-java@2.5.0"><failure message="cvssV3: HIGH, score: 7.5 (CVSS:3.1/AV:N/AC:L/PR:N/UI:N/S:U/C:N/I:N/A:H)"/><system-out>A parsing issue similar to CVE-2022-3171, but with textformat in protobuf-java core and lite versions prior to 3.21.7, 3.20.3, 3.19.6 and 3.16.3 can lead to a denial of service attack. Inputs containing multiple instances of non-repeated embedded messages with repeated or unknown fields causes objects to be converted back-n-forth between mutable and immutable forms, resulting in potentially long garbage collection pauses. We recommend updating to the versions mentioned above.</system-out><system-err>location: /home/runner/.m2/repository/com/google/protobuf/protobuf-java/2.5.0/protobuf-java-2.5.0.jar, project-references: [  ]</system-err></testcase><testcase classname="CVE-2021-22569" name="pkg:maven/com.google.protobuf/protobuf-java@2.5.0"><failure message="cvssV3: MEDIUM, score: 5.5 (CVSS:3.1/AV:L/AC:L/PR:N/UI:R/S:U/C:N/I:N/A:H/E:1.8/RC:R/MAV:A)"/><system-out>An issue in protobuf-java allowed the interleaving of com.google.protobuf.UnknownFieldSet fields in such a way that would be processed out of order. A small malicious payload can occupy the parser for several minutes by creating large numbers of short-lived objects that cause frequent, repeated pauses. We recommend upgrading libraries beyond the vulnerable versions.</system-out><system-err>location: /home/runner/.m2/repository/com/google/protobuf/protobuf-java/2.5.0/protobuf-java-2.5.0.jar, project-references: [  ]</system-err></testcase></testsuite><testsuite failures="0" errors="0" time="0" id="26" name="/home/runner/.m2/repository/quoin/quoin/0.1.2/quoin-0.1.2.jar" package="quoin-0.1.2.jar" skipped="0" tests="1" timestamp="2025-07-22T03:44:21.592184048"><testcase classname="dependency-check" name="quoin-0.1.2.jar"/></testsuite><testsuite failures="0" errors="0" time="0" id="27" name="/home/runner/.m2/repository/org/mozilla/rhino/1.7R5/rhino-1.7R5.jar" package="rhino-1.7R5.jar" skipped="0" tests="1" timestamp="2025-07-22T03:44:21.592184048"><testcase classname="dependency-check" name="rhino-1.7R5.jar"/></testsuite><testsuite failures="0" errors="0" time="0" id="28" name="/home/runner/.m2/repository/riddley/riddley/0.1.12/riddley-0.1.12.jar" package="riddley-0.1.12.jar" skipped="0" tests="1" timestamp="2025-07-22T03:44:21.592184048"><testcase classname="dependency-check" name="riddley-0.1.12.jar"/></testsuite><testsuite failures="0" errors="0" time="0" id="29" name="/home/runner/.m2/repository/slingshot/slingshot/0.12.2/slingshot-0.12.2.jar" package="slingshot-0.12.2.jar" skipped="0" tests="1" timestamp="2025-07-22T03:44:21.592184048"><testcase classname="dependency-check" name="slingshot-0.12.2.jar"/></testsuite><testsuite failures="0" errors="0" time="0" id="30" name="/home/runner/.m2/repository/org/clojure/spec.alpha/0.5.238/spec.alpha-0.5.238.jar" package="spec.alpha-0.5.238.jar" skipped="0" tests="1" timestamp="2025-07-22T03:44:21.592184048"><testcase classname="dependency-check" name="spec.alpha-0.5.238.jar"/></testsuite><testsuite failures="0" errors="0" time="0" id="31" name="/home/runner/.m2/repository/org/clojure/tools.reader/1.0.0-beta3/tools.reader-1.0.0-beta3.jar" package="tools.reader-1.0.0-beta3.jar" skipped="0" tests="1" timestamp="2025-07-22T03:44:21.592184048"><testcase classname="dependency-check" name="tools.reader-1.0.0-beta3.jar"/></testsuite></testsuites>